# JRE version: OpenJDK Runtime Environment (8.0_232-b09) (build 1.8.0_232-b09)
# Java VM: OpenJDK 64-Bit Server VM (25.232-b09 mixed mode windows-amd64 compressed oops)
Heap:
 PSYoungGen      total 74752K, used 19697K [0x00000000d5900000, 0x00000000db380000, 0x0000000100000000)
  eden space 65536K, 16% used [0x00000000d5900000,0x00000000d6341d90,0x00000000d9900000)
  from space 9216K, 99% used [0x00000000d9900000,0x00000000da1fa968,0x00000000da200000)
  to   space 10752K, 0% used [0x00000000da900000,0x00000000da900000,0x00000000db380000)
 ParOldGen       total 64000K, used 10899K [0x0000000080a00000, 0x0000000084880000, 0x00000000d5900000)
  object space 64000K, 17% used [0x0000000080a00000,0x00000000814a4e60,0x0000000084880000)
 Metaspace       used 24581K, capacity 25232K, committed 25344K, reserved 1071104K
  class space    used 2661K, capacity 2813K, committed 2816K, reserved 1048576K
GC Heap History (16 events):
Event: 0.785 GC heap before
{Heap before GC invocations=1 (full 0):
 PSYoungGen      total 38400K, used 33280K [0x00000000d5900000, 0x00000000d8380000, 0x0000000100000000)
  eden space 33280K, 100% used [0x00000000d5900000,0x00000000d7980000,0x00000000d7980000)
  from space 5120K, 0% used [0x00000000d7e80000,0x00000000d7e80000,0x00000000d8380000)
  to   space 5120K, 0% used [0x00000000d7980000,0x00000000d7980000,0x00000000d7e80000)
 ParOldGen       total 87552K, used 0K [0x0000000080a00000, 0x0000000085f80000, 0x00000000d5900000)
  object space 87552K, 0% used [0x0000000080a00000,0x0000000080a00000,0x0000000085f80000)
 Metaspace       used 8670K, capacity 8840K, committed 9088K, reserved 1056768K
  class space    used 990K, capacity 1052K, committed 1152K, reserved 1048576K
Event: 0.791 GC heap after
Heap after GC invocations=1 (full 0):
 PSYoungGen      total 38400K, used 5104K [0x00000000d5900000, 0x00000000d8380000, 0x0000000100000000)
  eden space 33280K, 0% used [0x00000000d5900000,0x00000000d5900000,0x00000000d7980000)
  from space 5120K, 99% used [0x00000000d7980000,0x00000000d7e7c270,0x00000000d7e80000)
  to   space 5120K, 0% used [0x00000000d7e80000,0x00000000d7e80000,0x00000000d8380000)
 ParOldGen       total 87552K, used 414K [0x0000000080a00000, 0x0000000085f80000, 0x00000000d5900000)
  object space 87552K, 0% used [0x0000000080a00000,0x0000000080a678c0,0x0000000085f80000)
 Metaspace       used 8670K, capacity 8840K, committed 9088K, reserved 1056768K
  class space    used 990K, capacity 1052K, committed 1152K, reserved 1048576K
}
Event: 1.341 GC heap before
{Heap before GC invocations=2 (full 0):
 PSYoungGen      total 38400K, used 38384K [0x00000000d5900000, 0x00000000d8380000, 0x0000000100000000)
  eden space 33280K, 100% used [0x00000000d5900000,0x00000000d7980000,0x00000000d7980000)
  from space 5120K, 99% used [0x00000000d7980000,0x00000000d7e7c270,0x00000000d7e80000)
  to   space 5120K, 0% used [0x00000000d7e80000,0x00000000d7e80000,0x00000000d8380000)
 ParOldGen       total 87552K, used 414K [0x0000000080a00000, 0x0000000085f80000, 0x00000000d5900000)
  object space 87552K, 0% used [0x0000000080a00000,0x0000000080a678c0,0x0000000085f80000)
 Metaspace       used 12890K, capacity 13102K, committed 13440K, reserved 1060864K
  class space    used 1541K, capacity 1612K, committed 1664K, reserved 1048576K
Event: 1.349 GC heap after
Heap after GC invocations=2 (full 0):
 PSYoungGen      total 38400K, used 5110K [0x00000000d5900000, 0x00000000da400000, 0x0000000100000000)
  eden space 33280K, 0% used [0x00000000d5900000,0x00000000d5900000,0x00000000d7980000)
  from space 5120K, 99% used [0x00000000d7e80000,0x00000000d837d9d8,0x00000000d8380000)
  to   space 5120K, 0% used [0x00000000d7980000,0x00000000d7980000,0x00000000d7e80000)
 ParOldGen       total 87552K, used 3015K [0x0000000080a00000, 0x0000000085f80000, 0x00000000d5900000)
  object space 87552K, 3% used [0x0000000080a00000,0x0000000080cf1c38,0x0000000085f80000)
 Metaspace       used 12890K, capacity 13102K, committed 13440K, reserved 1060864K
  class space    used 1541K, capacity 1612K, committed 1664K, reserved 1048576K
}
Event: 2.472 GC heap before
{Heap before GC invocations=3 (full 0):
 PSYoungGen      total 38400K, used 38390K [0x00000000d5900000, 0x00000000da400000, 0x0000000100000000)
  eden space 33280K, 100% used [0x00000000d5900000,0x00000000d7980000,0x00000000d7980000)
  from space 5120K, 99% used [0x00000000d7e80000,0x00000000d837d9d8,0x00000000d8380000)
  to   space 5120K, 0% used [0x00000000d7980000,0x00000000d7980000,0x00000000d7e80000)
 ParOldGen       total 87552K, used 3015K [0x0000000080a00000, 0x0000000085f80000, 0x00000000d5900000)
  object space 87552K, 3% used [0x0000000080a00000,0x0000000080cf1c38,0x0000000085f80000)
 Metaspace       used 15718K, capacity 16036K, committed 16256K, reserved 1062912K
  class space    used 1806K, capacity 1917K, committed 1920K, reserved 1048576K
Event: 2.482 GC heap after
Heap after GC invocations=3 (full 0):
 PSYoungGen      total 38400K, used 5117K [0x00000000d5900000, 0x00000000d8380000, 0x0000000100000000)
  eden space 33280K, 0% used [0x00000000d5900000,0x00000000d5900000,0x00000000d7980000)
  from space 5120K, 99% used [0x00000000d7980000,0x00000000d7e7f630,0x00000000d7e80000)
  to   space 5120K, 0% used [0x00000000d7e80000,0x00000000d7e80000,0x00000000d8380000)
 ParOldGen       total 87552K, used 5218K [0x0000000080a00000, 0x0000000085f80000, 0x00000000d5900000)
  object space 87552K, 5% used [0x0000000080a00000,0x0000000080f18a18,0x0000000085f80000)
 Metaspace       used 15718K, capacity 16036K, committed 16256K, reserved 1062912K
  class space    used 1806K, capacity 1917K, committed 1920K, reserved 1048576K
}
Event: 3.159 GC heap before
{Heap before GC invocations=4 (full 0):
 PSYoungGen      total 38400K, used 38397K [0x00000000d5900000, 0x00000000d8380000, 0x0000000100000000)
  eden space 33280K, 100% used [0x00000000d5900000,0x00000000d7980000,0x00000000d7980000)
  from space 5120K, 99% used [0x00000000d7980000,0x00000000d7e7f630,0x00000000d7e80000)
  to   space 5120K, 0% used [0x00000000d7e80000,0x00000000d7e80000,0x00000000d8380000)
 ParOldGen       total 87552K, used 5218K [0x0000000080a00000, 0x0000000085f80000, 0x00000000d5900000)
  object space 87552K, 5% used [0x0000000080a00000,0x0000000080f18a18,0x0000000085f80000)
 Metaspace       used 16626K, capacity 17096K, committed 17408K, reserved 1064960K
  class space    used 1888K, capacity 1993K, committed 2048K, reserved 1048576K
Event: 3.166 GC heap after
Heap after GC invocations=4 (full 0):
 PSYoungGen      total 38400K, used 5117K [0x00000000d5900000, 0x00000000da400000, 0x0000000100000000)
  eden space 33280K, 0% used [0x00000000d5900000,0x00000000d5900000,0x00000000d7980000)
  from space 5120K, 99% used [0x00000000d7e80000,0x00000000d837f650,0x00000000d8380000)
  to   space 5120K, 0% used [0x00000000d7980000,0x00000000d7980000,0x00000000d7e80000)
 ParOldGen       total 87552K, used 7454K [0x0000000080a00000, 0x0000000085f80000, 0x00000000d5900000)
  object space 87552K, 8% used [0x0000000080a00000,0x00000000811479d0,0x0000000085f80000)
 Metaspace       used 16626K, capacity 17096K, committed 17408K, reserved 1064960K
  class space    used 1888K, capacity 1993K, committed 2048K, reserved 1048576K
}
Event: 3.578 GC heap before
{Heap before GC invocations=5 (full 0):
 PSYoungGen      total 38400K, used 27028K [0x00000000d5900000, 0x00000000da400000, 0x0000000100000000)
  eden space 33280K, 65% used [0x00000000d5900000,0x00000000d6e65d88,0x00000000d7980000)
  from space 5120K, 99% used [0x00000000d7e80000,0x00000000d837f650,0x00000000d8380000)
  to   space 5120K, 0% used [0x00000000d7980000,0x00000000d7980000,0x00000000d7e80000)
 ParOldGen       total 87552K, used 7454K [0x0000000080a00000, 0x0000000085f80000, 0x00000000d5900000)
  object space 87552K, 8% used [0x0000000080a00000,0x00000000811479d0,0x0000000085f80000)
 Metaspace       used 20708K, capacity 21188K, committed 21248K, reserved 1069056K
  class space    used 2394K, capacity 2549K, committed 2560K, reserved 1048576K
Event: 3.594 GC heap after
Heap after GC invocations=5 (full 0):
 PSYoungGen      total 38400K, used 5101K [0x00000000d5900000, 0x00000000dab00000, 0x0000000100000000)
  eden space 33280K, 0% used [0x00000000d5900000,0x00000000d5900000,0x00000000d7980000)
  from space 5120K, 99% used [0x00000000d7980000,0x00000000d7e7b660,0x00000000d7e80000)
  to   space 8704K, 0% used [0x00000000da280000,0x00000000da280000,0x00000000dab00000)
 ParOldGen       total 87552K, used 9153K [0x0000000080a00000, 0x0000000085f80000, 0x00000000d5900000)
  object space 87552K, 10% used [0x0000000080a00000,0x00000000812f06d8,0x0000000085f80000)
 Metaspace       used 20708K, capacity 21188K, committed 21248K, reserved 1069056K
  class space    used 2394K, capacity 2549K, committed 2560K, reserved 1048576K
}
Event: 3.594 GC heap before
{Heap before GC invocations=6 (full 1):
 PSYoungGen      total 38400K, used 5101K [0x00000000d5900000, 0x00000000dab00000, 0x0000000100000000)
  eden space 33280K, 0% used [0x00000000d5900000,0x00000000d5900000,0x00000000d7980000)
  from space 5120K, 99% used [0x00000000d7980000,0x00000000d7e7b660,0x00000000d7e80000)
  to   space 8704K, 0% used [0x00000000da280000,0x00000000da280000,0x00000000dab00000)
 ParOldGen       total 87552K, used 9153K [0x0000000080a00000, 0x0000000085f80000, 0x00000000d5900000)
  object space 87552K, 10% used [0x0000000080a00000,0x00000000812f06d8,0x0000000085f80000)
 Metaspace       used 20708K, capacity 21188K, committed 21248K, reserved 1069056K
  class space    used 2394K, capacity 2549K, committed 2560K, reserved 1048576K
Event: 3.661 GC heap after
Heap after GC invocations=6 (full 1):
 PSYoungGen      total 38400K, used 0K [0x00000000d5900000, 0x00000000dab00000, 0x0000000100000000)
  eden space 33280K, 0% used [0x00000000d5900000,0x00000000d5900000,0x00000000d7980000)
  from space 5120K, 0% used [0x00000000d7980000,0x00000000d7980000,0x00000000d7e80000)
  to   space 8704K, 0% used [0x00000000da280000,0x00000000da280000,0x00000000dab00000)
 ParOldGen       total 64000K, used 9480K [0x0000000080a00000, 0x0000000084880000, 0x00000000d5900000)
  object space 64000K, 14% used [0x0000000080a00000,0x00000000813420a8,0x0000000084880000)
 Metaspace       used 20708K, capacity 21188K, committed 21248K, reserved 1069056K
  class space    used 2394K, capacity 2549K, committed 2560K, reserved 1048576K
}
Event: 4.243 GC heap before
{Heap before GC invocations=7 (full 1):
 PSYoungGen      total 38400K, used 33280K [0x00000000d5900000, 0x00000000dab00000, 0x0000000100000000)
  eden space 33280K, 100% used [0x00000000d5900000,0x00000000d7980000,0x00000000d7980000)
  from space 5120K, 0% used [0x00000000d7980000,0x00000000d7980000,0x00000000d7e80000)
  to   space 8704K, 0% used [0x00000000da280000,0x00000000da280000,0x00000000dab00000)
 ParOldGen       total 64000K, used 9480K [0x0000000080a00000, 0x0000000084880000, 0x00000000d5900000)
  object space 64000K, 14% used [0x0000000080a00000,0x00000000813420a8,0x0000000084880000)
 Metaspace       used 22478K, capacity 22948K, committed 23168K, reserved 1069056K
  class space    used 2535K, capacity 2645K, committed 2688K, reserved 1048576K
Event: 4.254 GC heap after
Heap after GC invocations=7 (full 1):
 PSYoungGen      total 57856K, used 8698K [0x00000000d5900000, 0x00000000dab00000, 0x0000000100000000)
  eden space 49152K, 0% used [0x00000000d5900000,0x00000000d5900000,0x00000000d8900000)
  from space 8704K, 99% used [0x00000000da280000,0x00000000daafe948,0x00000000dab00000)
  to   space 9216K, 0% used [0x00000000d9900000,0x00000000d9900000,0x00000000da200000)
 ParOldGen       total 64000K, used 9520K [0x0000000080a00000, 0x0000000084880000, 0x00000000d5900000)
  object space 64000K, 14% used [0x0000000080a00000,0x000000008134c0a8,0x0000000084880000)
 Metaspace       used 22478K, capacity 22948K, committed 23168K, reserved 1069056K
  class space    used 2535K, capacity 2645K, committed 2688K, reserved 1048576K
}
Event: 5.622 GC heap before
{Heap before GC invocations=8 (full 1):
 PSYoungGen      total 57856K, used 57850K [0x00000000d5900000, 0x00000000dab00000, 0x0000000100000000)
  eden space 49152K, 100% used [0x00000000d5900000,0x00000000d8900000,0x00000000d8900000)
  from space 8704K, 99% used [0x00000000da280000,0x00000000daafe948,0x00000000dab00000)
  to   space 9216K, 0% used [0x00000000d9900000,0x00000000d9900000,0x00000000da200000)
 ParOldGen       total 64000K, used 9520K [0x0000000080a00000, 0x0000000084880000, 0x00000000d5900000)
  object space 64000K, 14% used [0x0000000080a00000,0x000000008134c0a8,0x0000000084880000)
 Metaspace       used 24212K, capacity 24708K, committed 24832K, reserved 1071104K
  class space    used 2625K, capacity 2741K, committed 2816K, reserved 1048576K
Event: 5.634 GC heap after
Heap after GC invocations=8 (full 1):
 PSYoungGen      total 74752K, used 9194K [0x00000000d5900000, 0x00000000db380000, 0x0000000100000000)
  eden space 65536K, 0% used [0x00000000d5900000,0x00000000d5900000,0x00000000d9900000)
  from space 9216K, 99% used [0x00000000d9900000,0x00000000da1fa968,0x00000000da200000)
  to   space 10752K, 0% used [0x00000000da900000,0x00000000da900000,0x00000000db380000)
 ParOldGen       total 64000K, used 10899K [0x0000000080a00000, 0x0000000084880000, 0x00000000d5900000)
  object space 64000K, 17% used [0x0000000080a00000,0x00000000814a4e60,0x0000000084880000)
 Metaspace       used 24212K, capacity 24708K, committed 24832K, reserved 1071104K
  class space    used 2625K, capacity 2741K, committed 2816K, reserved 1048576K
}

